{"/home/ubuntu/BipFlow-Manage/index.js": {"path":"/home/ubuntu/BipFlow-Manage/index.js","statementMap":{"0":{"start":{"line":7,"column":16},"end":{"line":7,"column":34}},"1":{"start":{"line":8,"column":13},"end":{"line":8,"column":28}},"2":{"start":{"line":9,"column":13},"end":{"line":9,"column":28}},"3":{"start":{"line":10,"column":18},"end":{"line":10,"column":47}},"4":{"start":{"line":11,"column":21},"end":{"line":11,"column":49}},"5":{"start":{"line":12,"column":17},"end":{"line":12,"column":42}},"6":{"start":{"line":14,"column":12},"end":{"line":14,"column":21}},"7":{"start":{"line":15,"column":13},"end":{"line":15,"column":37}},"8":{"start":{"line":18,"column":15},"end":{"line":18,"column":46}},"9":{"start":{"line":19,"column":15},"end":{"line":19,"column":74}},"10":{"start":{"line":20,"column":11},"end":{"line":20,"column":31}},"11":{"start":{"line":23,"column":0},"end":{"line":29,"column":9}},"12":{"start":{"line":31,"column":0},"end":{"line":40,"column":9}},"13":{"start":{"line":43,"column":0},"end":{"line":43,"column":16}},"14":{"start":{"line":44,"column":0},"end":{"line":44,"column":40}},"15":{"start":{"line":47,"column":0},"end":{"line":47,"column":69}},"16":{"start":{"line":68,"column":0},"end":{"line":115,"column":3}},"17":{"start":{"line":69,"column":61},"end":{"line":69,"column":69}},"18":{"start":{"line":72,"column":4},"end":{"line":77,"column":5}},"19":{"start":{"line":73,"column":8},"end":{"line":76,"column":11}},"20":{"start":{"line":80,"column":25},"end":{"line":80,"column":51}},"21":{"start":{"line":82,"column":4},"end":{"line":114,"column":5}},"22":{"start":{"line":84,"column":26},"end":{"line":86,"column":9}},"23":{"start":{"line":87,"column":8},"end":{"line":87,"column":73}},"24":{"start":{"line":90,"column":8},"end":{"line":100,"column":9}},"25":{"start":{"line":91,"column":29},"end":{"line":93,"column":13}},"26":{"start":{"line":94,"column":31},"end":{"line":98,"column":14}},"27":{"start":{"line":95,"column":16},"end":{"line":97,"column":17}},"28":{"start":{"line":96,"column":20},"end":{"line":96,"column":97}},"29":{"start":{"line":99,"column":12},"end":{"line":99,"column":30}},"30":{"start":{"line":102,"column":8},"end":{"line":102,"column":86}},"31":{"start":{"line":104,"column":8},"end":{"line":107,"column":11}},"32":{"start":{"line":110,"column":8},"end":{"line":113,"column":11}},"33":{"start":{"line":118,"column":0},"end":{"line":120,"column":3}},"34":{"start":{"line":119,"column":4},"end":{"line":119,"column":68}},"35":{"start":{"line":123,"column":0},"end":{"line":130,"column":1}},"36":{"start":{"line":124,"column":2},"end":{"line":129,"column":5}},"37":{"start":{"line":125,"column":4},"end":{"line":125,"column":68}},"38":{"start":{"line":126,"column":4},"end":{"line":126,"column":63}},"39":{"start":{"line":127,"column":4},"end":{"line":127,"column":70}},"40":{"start":{"line":128,"column":4},"end":{"line":128,"column":68}},"41":{"start":{"line":132,"column":0},"end":{"line":132,"column":21}}},"fnMap":{"0":{"name":"(anonymous_0)","decl":{"start":{"line":68,"column":27},"end":{"line":68,"column":28}},"loc":{"start":{"line":68,"column":41},"end":{"line":115,"column":1}},"line":68},"1":{"name":"(anonymous_1)","decl":{"start":{"line":94,"column":46},"end":{"line":94,"column":47}},"loc":{"start":{"line":94,"column":57},"end":{"line":98,"column":13}},"line":94},"2":{"name":"(anonymous_2)","decl":{"start":{"line":118,"column":19},"end":{"line":118,"column":20}},"loc":{"start":{"line":118,"column":33},"end":{"line":120,"column":1}},"line":118},"3":{"name":"(anonymous_3)","decl":{"start":{"line":124,"column":19},"end":{"line":124,"column":20}},"loc":{"start":{"line":124,"column":25},"end":{"line":129,"column":3}},"line":124}},"branchMap":{"0":{"loc":{"start":{"line":15,"column":13},"end":{"line":15,"column":37}},"type":"binary-expr","locations":[{"start":{"line":15,"column":13},"end":{"line":15,"column":29}},{"start":{"line":15,"column":33},"end":{"line":15,"column":37}}],"line":15},"1":{"loc":{"start":{"line":19,"column":15},"end":{"line":19,"column":74}},"type":"cond-expr","locations":[{"start":{"line":19,"column":24},"end":{"line":19,"column":34}},{"start":{"line":19,"column":37},"end":{"line":19,"column":74}}],"line":19},"2":{"loc":{"start":{"line":72,"column":4},"end":{"line":77,"column":5}},"type":"if","locations":[{"start":{"line":72,"column":4},"end":{"line":77,"column":5}},{"start":{},"end":{}}],"line":72},"3":{"loc":{"start":{"line":72,"column":8},"end":{"line":72,"column":36}},"type":"binary-expr","locations":[{"start":{"line":72,"column":8},"end":{"line":72,"column":21}},{"start":{"line":72,"column":25},"end":{"line":72,"column":36}}],"line":72},"4":{"loc":{"start":{"line":90,"column":8},"end":{"line":100,"column":9}},"type":"if","locations":[{"start":{"line":90,"column":8},"end":{"line":100,"column":9}},{"start":{},"end":{}}],"line":90},"5":{"loc":{"start":{"line":90,"column":12},"end":{"line":90,"column":41}},"type":"binary-expr","locations":[{"start":{"line":90,"column":12},"end":{"line":90,"column":17}},{"start":{"line":90,"column":21},"end":{"line":90,"column":41}}],"line":90},"6":{"loc":{"start":{"line":123,"column":0},"end":{"line":130,"column":1}},"type":"if","locations":[{"start":{"line":123,"column":0},"end":{"line":130,"column":1}},{"start":{},"end":{}}],"line":123}},"s":{"0":1,"1":1,"2":1,"3":1,"4":1,"5":1,"6":1,"7":1,"8":1,"9":1,"10":1,"11":1,"12":1,"13":1,"14":1,"15":1,"16":1,"17":2,"18":2,"19":1,"20":1,"21":1,"22":1,"23":1,"24":1,"25":1,"26":1,"27":1,"28":2,"29":1,"30":1,"31":1,"32":0,"33":1,"34":1,"35":1,"36":0,"37":0,"38":0,"39":0,"40":0,"41":1},"f":{"0":2,"1":1,"2":1,"3":0},"b":{"0":[1,0],"1":[1,0],"2":[1,1],"3":[2,1],"4":[1,0],"5":[1,1],"6":[0,1]},"_coverageSchema":"1a1c01bbd47fc00a2c39e90264f33305004495a9","hash":"aeea7f2c76b8d19e7567f00e6d060d9b5baa16ed"}
,"/home/ubuntu/BipFlow-Manage/docs/swagger.js": {"path":"/home/ubuntu/BipFlow-Manage/docs/swagger.js","statementMap":{"0":{"start":{"line":1,"column":21},"end":{"line":1,"column":45}},"1":{"start":{"line":3,"column":23},"end":{"line":118,"column":1}},"2":{"start":{"line":120,"column":0},"end":{"line":120,"column":46}}},"fnMap":{},"branchMap":{},"s":{"0":1,"1":1,"2":1},"f":{},"b":{},"_coverageSchema":"1a1c01bbd47fc00a2c39e90264f33305004495a9","hash":"b827fe242876b9b829315c84154436cb83d36e92"}
}
