{"/home/ubuntu/BipFlow-Manage/index.js": {"path":"/home/ubuntu/BipFlow-Manage/index.js","statementMap":{"0":{"start":{"line":7,"column":16},"end":{"line":7,"column":34}},"1":{"start":{"line":8,"column":13},"end":{"line":8,"column":28}},"2":{"start":{"line":9,"column":13},"end":{"line":9,"column":28}},"3":{"start":{"line":10,"column":18},"end":{"line":10,"column":47}},"4":{"start":{"line":11,"column":21},"end":{"line":11,"column":49}},"5":{"start":{"line":12,"column":17},"end":{"line":12,"column":42}},"6":{"start":{"line":13,"column":15},"end":{"line":13,"column":38}},"7":{"start":{"line":14,"column":30},"end":{"line":14,"column":54}},"8":{"start":{"line":16,"column":12},"end":{"line":16,"column":21}},"9":{"start":{"line":17,"column":13},"end":{"line":17,"column":37}},"10":{"start":{"line":20,"column":15},"end":{"line":20,"column":46}},"11":{"start":{"line":21,"column":15},"end":{"line":21,"column":74}},"12":{"start":{"line":24,"column":0},"end":{"line":30,"column":1}},"13":{"start":{"line":25,"column":2},"end":{"line":25,"column":28}},"14":{"start":{"line":26,"column":2},"end":{"line":26,"column":82}},"15":{"start":{"line":28,"column":2},"end":{"line":28,"column":78}},"16":{"start":{"line":29,"column":2},"end":{"line":29,"column":18}},"17":{"start":{"line":33,"column":0},"end":{"line":57,"column":1}},"18":{"start":{"line":34,"column":2},"end":{"line":40,"column":11}},"19":{"start":{"line":42,"column":2},"end":{"line":51,"column":11}},"20":{"start":{"line":53,"column":2},"end":{"line":53,"column":58}},"21":{"start":{"line":55,"column":2},"end":{"line":55,"column":65}},"22":{"start":{"line":56,"column":2},"end":{"line":56,"column":18}},"23":{"start":{"line":60,"column":0},"end":{"line":60,"column":16}},"24":{"start":{"line":61,"column":0},"end":{"line":61,"column":40}},"25":{"start":{"line":64,"column":0},"end":{"line":71,"column":3}},"26":{"start":{"line":65,"column":2},"end":{"line":69,"column":28}},"27":{"start":{"line":70,"column":2},"end":{"line":70,"column":9}},"28":{"start":{"line":74,"column":0},"end":{"line":74,"column":69}},"29":{"start":{"line":110,"column":0},"end":{"line":204,"column":3}},"30":{"start":{"line":111,"column":2},"end":{"line":203,"column":3}},"31":{"start":{"line":113,"column":26},"end":{"line":113,"column":59}},"32":{"start":{"line":114,"column":61},"end":{"line":114,"column":74}},"33":{"start":{"line":116,"column":4},"end":{"line":119,"column":6}},"34":{"start":{"line":122,"column":25},"end":{"line":122,"column":51}},"35":{"start":{"line":124,"column":4},"end":{"line":180,"column":5}},"36":{"start":{"line":126,"column":24},"end":{"line":128,"column":7}},"37":{"start":{"line":129,"column":6},"end":{"line":129,"column":71}},"38":{"start":{"line":132,"column":6},"end":{"line":151,"column":7}},"39":{"start":{"line":133,"column":25},"end":{"line":135,"column":9}},"40":{"start":{"line":136,"column":27},"end":{"line":145,"column":10}},"41":{"start":{"line":137,"column":10},"end":{"line":144,"column":11}},"42":{"start":{"line":138,"column":12},"end":{"line":143,"column":14}},"43":{"start":{"line":146,"column":8},"end":{"line":146,"column":26}},"44":{"start":{"line":147,"column":8},"end":{"line":150,"column":10}},"45":{"start":{"line":153,"column":6},"end":{"line":153,"column":78}},"46":{"start":{"line":155,"column":6},"end":{"line":158,"column":9}},"47":{"start":{"line":161,"column":6},"end":{"line":170,"column":7}},"48":{"start":{"line":162,"column":8},"end":{"line":165,"column":10}},"49":{"start":{"line":166,"column":8},"end":{"line":169,"column":11}},"50":{"start":{"line":172,"column":6},"end":{"line":175,"column":8}},"51":{"start":{"line":176,"column":6},"end":{"line":179,"column":9}},"52":{"start":{"line":183,"column":4},"end":{"line":192,"column":5}},"53":{"start":{"line":184,"column":21},"end":{"line":186,"column":7}},"54":{"start":{"line":185,"column":15},"end":{"line":185,"column":50}},"55":{"start":{"line":187,"column":6},"end":{"line":187,"column":61}},"56":{"start":{"line":188,"column":6},"end":{"line":191,"column":9}},"57":{"start":{"line":195,"column":4},"end":{"line":198,"column":6}},"58":{"start":{"line":199,"column":4},"end":{"line":202,"column":7}},"59":{"start":{"line":216,"column":0},"end":{"line":224,"column":3}},"60":{"start":{"line":217,"column":2},"end":{"line":223,"column":3}},"61":{"start":{"line":218,"column":4},"end":{"line":218,"column":45}},"62":{"start":{"line":219,"column":4},"end":{"line":219,"column":68}},"63":{"start":{"line":221,"column":4},"end":{"line":221,"column":65}},"64":{"start":{"line":222,"column":4},"end":{"line":222,"column":45}},"65":{"start":{"line":227,"column":0},"end":{"line":236,"column":3}},"66":{"start":{"line":228,"column":2},"end":{"line":231,"column":4}},"67":{"start":{"line":232,"column":2},"end":{"line":235,"column":5}},"68":{"start":{"line":239,"column":0},"end":{"line":245,"column":3}},"69":{"start":{"line":240,"column":2},"end":{"line":240,"column":77}},"70":{"start":{"line":241,"column":2},"end":{"line":244,"column":5}},"71":{"start":{"line":248,"column":0},"end":{"line":273,"column":1}},"72":{"start":{"line":249,"column":17},"end":{"line":255,"column":4}},"73":{"start":{"line":250,"column":4},"end":{"line":250,"column":62}},"74":{"start":{"line":251,"column":4},"end":{"line":254,"column":6}},"75":{"start":{"line":258,"column":2},"end":{"line":264,"column":5}},"76":{"start":{"line":259,"column":4},"end":{"line":259,"column":59}},"77":{"start":{"line":260,"column":4},"end":{"line":263,"column":7}},"78":{"start":{"line":261,"column":6},"end":{"line":261,"column":40}},"79":{"start":{"line":262,"column":6},"end":{"line":262,"column":22}},"80":{"start":{"line":266,"column":2},"end":{"line":272,"column":5}},"81":{"start":{"line":267,"column":4},"end":{"line":267,"column":58}},"82":{"start":{"line":268,"column":4},"end":{"line":271,"column":7}},"83":{"start":{"line":269,"column":6},"end":{"line":269,"column":40}},"84":{"start":{"line":270,"column":6},"end":{"line":270,"column":22}},"85":{"start":{"line":275,"column":0},"end":{"line":275,"column":21}}},"fnMap":{"0":{"name":"(anonymous_0)","decl":{"start":{"line":64,"column":8},"end":{"line":64,"column":9}},"loc":{"start":{"line":64,"column":28},"end":{"line":71,"column":1}},"line":64},"1":{"name":"(anonymous_1)","decl":{"start":{"line":110,"column":27},"end":{"line":110,"column":28}},"loc":{"start":{"line":110,"column":41},"end":{"line":204,"column":1}},"line":110},"2":{"name":"(anonymous_2)","decl":{"start":{"line":136,"column":42},"end":{"line":136,"column":43}},"loc":{"start":{"line":136,"column":53},"end":{"line":145,"column":9}},"line":136},"3":{"name":"(anonymous_3)","decl":{"start":{"line":185,"column":8},"end":{"line":185,"column":9}},"loc":{"start":{"line":185,"column":15},"end":{"line":185,"column":50}},"line":185},"4":{"name":"(anonymous_4)","decl":{"start":{"line":216,"column":19},"end":{"line":216,"column":20}},"loc":{"start":{"line":216,"column":33},"end":{"line":224,"column":1}},"line":216},"5":{"name":"(anonymous_5)","decl":{"start":{"line":227,"column":8},"end":{"line":227,"column":9}},"loc":{"start":{"line":227,"column":33},"end":{"line":236,"column":1}},"line":227},"6":{"name":"(anonymous_6)","decl":{"start":{"line":239,"column":8},"end":{"line":239,"column":9}},"loc":{"start":{"line":239,"column":22},"end":{"line":245,"column":1}},"line":239},"7":{"name":"(anonymous_7)","decl":{"start":{"line":249,"column":34},"end":{"line":249,"column":35}},"loc":{"start":{"line":249,"column":40},"end":{"line":255,"column":3}},"line":249},"8":{"name":"(anonymous_8)","decl":{"start":{"line":258,"column":24},"end":{"line":258,"column":25}},"loc":{"start":{"line":258,"column":30},"end":{"line":264,"column":3}},"line":258},"9":{"name":"(anonymous_9)","decl":{"start":{"line":260,"column":17},"end":{"line":260,"column":18}},"loc":{"start":{"line":260,"column":23},"end":{"line":263,"column":5}},"line":260},"10":{"name":"(anonymous_10)","decl":{"start":{"line":266,"column":23},"end":{"line":266,"column":24}},"loc":{"start":{"line":266,"column":29},"end":{"line":272,"column":3}},"line":266},"11":{"name":"(anonymous_11)","decl":{"start":{"line":268,"column":17},"end":{"line":268,"column":18}},"loc":{"start":{"line":268,"column":23},"end":{"line":271,"column":5}},"line":268}},"branchMap":{"0":{"loc":{"start":{"line":17,"column":13},"end":{"line":17,"column":37}},"type":"binary-expr","locations":[{"start":{"line":17,"column":13},"end":{"line":17,"column":29}},{"start":{"line":17,"column":33},"end":{"line":17,"column":37}}],"line":17},"1":{"loc":{"start":{"line":21,"column":15},"end":{"line":21,"column":74}},"type":"cond-expr","locations":[{"start":{"line":21,"column":24},"end":{"line":21,"column":34}},{"start":{"line":21,"column":37},"end":{"line":21,"column":74}}],"line":21},"2":{"loc":{"start":{"line":26,"column":24},"end":{"line":26,"column":50}},"type":"cond-expr","locations":[{"start":{"line":26,"column":33},"end":{"line":26,"column":41}},{"start":{"line":26,"column":44},"end":{"line":26,"column":50}}],"line":26},"3":{"loc":{"start":{"line":132,"column":6},"end":{"line":151,"column":7}},"type":"if","locations":[{"start":{"line":132,"column":6},"end":{"line":151,"column":7}},{"start":{},"end":{}}],"line":132},"4":{"loc":{"start":{"line":132,"column":10},"end":{"line":132,"column":59}},"type":"binary-expr","locations":[{"start":{"line":132,"column":10},"end":{"line":132,"column":15}},{"start":{"line":132,"column":19},"end":{"line":132,"column":39}},{"start":{"line":132,"column":43},"end":{"line":132,"column":59}}],"line":132},"5":{"loc":{"start":{"line":161,"column":6},"end":{"line":170,"column":7}},"type":"if","locations":[{"start":{"line":161,"column":6},"end":{"line":170,"column":7}},{"start":{},"end":{}}],"line":161},"6":{"loc":{"start":{"line":183,"column":4},"end":{"line":192,"column":5}},"type":"if","locations":[{"start":{"line":183,"column":4},"end":{"line":192,"column":5}},{"start":{},"end":{}}],"line":183},"7":{"loc":{"start":{"line":183,"column":8},"end":{"line":183,"column":84}},"type":"binary-expr","locations":[{"start":{"line":183,"column":8},"end":{"line":183,"column":21}},{"start":{"line":183,"column":25},"end":{"line":183,"column":45}},{"start":{"line":183,"column":49},"end":{"line":183,"column":84}}],"line":183},"8":{"loc":{"start":{"line":248,"column":0},"end":{"line":273,"column":1}},"type":"if","locations":[{"start":{"line":248,"column":0},"end":{"line":273,"column":1}},{"start":{},"end":{}}],"line":248}},"s":{"0":3,"1":3,"2":3,"3":3,"4":3,"5":3,"6":3,"7":3,"8":3,"9":3,"10":3,"11":3,"12":3,"13":3,"14":3,"15":0,"16":0,"17":3,"18":3,"19":3,"20":3,"21":0,"22":0,"23":3,"24":3,"25":3,"26":52,"27":52,"28":3,"29":3,"30":45,"31":45,"32":31,"33":31,"34":31,"35":31,"36":31,"37":31,"38":21,"39":13,"40":13,"41":13,"42":69,"43":13,"44":13,"45":21,"46":21,"47":10,"48":10,"49":10,"50":0,"51":0,"52":14,"53":0,"54":0,"55":0,"56":0,"57":14,"58":14,"59":3,"60":5,"61":5,"62":5,"63":0,"64":0,"65":3,"66":0,"67":0,"68":3,"69":2,"70":2,"71":3,"72":0,"73":0,"74":0,"75":0,"76":0,"77":0,"78":0,"79":0,"80":0,"81":0,"82":0,"83":0,"84":0,"85":3},"f":{"0":52,"1":45,"2":13,"3":0,"4":5,"5":0,"6":2,"7":0,"8":0,"9":0,"10":0,"11":0},"b":{"0":[3,0],"1":[3,0],"2":[3,0],"3":[13,8],"4":[21,21,21],"5":[10,0],"6":[0,14],"7":[14,14,0],"8":[0,3]},"_coverageSchema":"1a1c01bbd47fc00a2c39e90264f33305004495a9","hash":"463a31a33deb607e57b0ac2022ebf90bbfb72afd"}
,"/home/ubuntu/BipFlow-Manage/docs/swagger.js": {"path":"/home/ubuntu/BipFlow-Manage/docs/swagger.js","statementMap":{"0":{"start":{"line":1,"column":21},"end":{"line":1,"column":45}},"1":{"start":{"line":3,"column":23},"end":{"line":118,"column":1}},"2":{"start":{"line":120,"column":0},"end":{"line":120,"column":46}}},"fnMap":{},"branchMap":{},"s":{"0":3,"1":3,"2":3},"f":{},"b":{},"_coverageSchema":"1a1c01bbd47fc00a2c39e90264f33305004495a9","hash":"b827fe242876b9b829315c84154436cb83d36e92"}
,"/home/ubuntu/BipFlow-Manage/src/logger.js": {"path":"/home/ubuntu/BipFlow-Manage/src/logger.js","statementMap":{"0":{"start":{"line":6,"column":13},"end":{"line":6,"column":28}},"1":{"start":{"line":9,"column":18},"end":{"line":22,"column":6}},"2":{"start":{"line":25,"column":15},"end":{"line":36,"column":1}},"3":{"start":{"line":31,"column":8},"end":{"line":31,"column":46}},"4":{"start":{"line":38,"column":0},"end":{"line":38,"column":24}}},"fnMap":{"0":{"name":"(anonymous_0)","decl":{"start":{"line":30,"column":13},"end":{"line":30,"column":14}},"loc":{"start":{"line":30,"column":24},"end":{"line":32,"column":7}},"line":30}},"branchMap":{"0":{"loc":{"start":{"line":9,"column":18},"end":{"line":22,"column":6}},"type":"cond-expr","locations":[{"start":{"line":10,"column":4},"end":{"line":13,"column":6}},{"start":{"line":14,"column":4},"end":{"line":22,"column":6}}],"line":9},"1":{"loc":{"start":{"line":27,"column":11},"end":{"line":27,"column":42}},"type":"binary-expr","locations":[{"start":{"line":27,"column":11},"end":{"line":27,"column":32}},{"start":{"line":27,"column":36},"end":{"line":27,"column":42}}],"line":27}},"s":{"0":3,"1":3,"2":3,"3":18,"4":3},"f":{"0":18},"b":{"0":[0,3],"1":[3,3]},"_coverageSchema":"1a1c01bbd47fc00a2c39e90264f33305004495a9","hash":"bd673afc07ff867a4ef6ff7357d1ad335be7aba0"}
,"/home/ubuntu/BipFlow-Manage/src/schemas.js": {"path":"/home/ubuntu/BipFlow-Manage/src/schemas.js","statementMap":{"0":{"start":{"line":6,"column":14},"end":{"line":6,"column":28}},"1":{"start":{"line":9,"column":24},"end":{"line":13,"column":2}},"2":{"start":{"line":16,"column":26},"end":{"line":28,"column":2}},"3":{"start":{"line":31,"column":30},"end":{"line":34,"column":2}},"4":{"start":{"line":37,"column":28},"end":{"line":40,"column":2}},"5":{"start":{"line":42,"column":0},"end":{"line":47,"column":2}}},"fnMap":{},"branchMap":{},"s":{"0":3,"1":3,"2":3,"3":3,"4":3,"5":3},"f":{},"b":{},"_coverageSchema":"1a1c01bbd47fc00a2c39e90264f33305004495a9","hash":"40a312ef6701c60cadcaf96fc100023b54a9665a"}
}
