TN:
SF:index.js
FN:64,(anonymous_0)
FN:110,(anonymous_1)
FN:136,(anonymous_2)
FN:185,(anonymous_3)
FN:216,(anonymous_4)
FN:227,(anonymous_5)
FN:239,(anonymous_6)
FN:249,(anonymous_7)
FN:258,(anonymous_8)
FN:260,(anonymous_9)
FN:266,(anonymous_10)
FN:268,(anonymous_11)
FNF:12
FNH:5
FNDA:52,(anonymous_0)
FNDA:45,(anonymous_1)
FNDA:13,(anonymous_2)
FNDA:0,(anonymous_3)
FNDA:5,(anonymous_4)
FNDA:0,(anonymous_5)
FNDA:2,(anonymous_6)
FNDA:0,(anonymous_7)
FNDA:0,(anonymous_8)
FNDA:0,(anonymous_9)
FNDA:0,(anonymous_10)
FNDA:0,(anonymous_11)
DA:7,3
DA:8,3
DA:9,3
DA:10,3
DA:11,3
DA:12,3
DA:13,3
DA:14,3
DA:16,3
DA:17,3
DA:20,3
DA:21,3
DA:24,3
DA:25,3
DA:26,3
DA:28,0
DA:29,0
DA:33,3
DA:34,3
DA:42,3
DA:53,3
DA:55,0
DA:56,0
DA:60,3
DA:61,3
DA:64,3
DA:65,52
DA:70,52
DA:74,3
DA:110,3
DA:111,45
DA:113,45
DA:114,31
DA:116,31
DA:122,31
DA:124,31
DA:126,31
DA:129,31
DA:132,21
DA:133,13
DA:136,13
DA:137,13
DA:138,69
DA:146,13
DA:147,13
DA:153,21
DA:155,21
DA:161,10
DA:162,10
DA:166,10
DA:172,0
DA:176,0
DA:183,14
DA:184,0
DA:185,0
DA:187,0
DA:188,0
DA:195,14
DA:199,14
DA:216,3
DA:217,5
DA:218,5
DA:219,5
DA:221,0
DA:222,0
DA:227,3
DA:228,0
DA:232,0
DA:239,3
DA:240,2
DA:241,2
DA:248,3
DA:249,0
DA:250,0
DA:251,0
DA:258,0
DA:259,0
DA:260,0
DA:261,0
DA:262,0
DA:266,0
DA:267,0
DA:268,0
DA:269,0
DA:270,0
DA:275,3
LF:86
LH:59
BRDA:17,0,0,3
BRDA:17,0,1,0
BRDA:21,1,0,3
BRDA:21,1,1,0
BRDA:26,2,0,3
BRDA:26,2,1,0
BRDA:132,3,0,13
BRDA:132,3,1,8
BRDA:132,4,0,21
BRDA:132,4,1,21
BRDA:132,4,2,21
BRDA:161,5,0,10
BRDA:161,5,1,0
BRDA:183,6,0,0
BRDA:183,6,1,14
BRDA:183,7,0,14
BRDA:183,7,1,14
BRDA:183,7,2,0
BRDA:248,8,0,0
BRDA:248,8,1,3
BRF:20
BRH:13
end_of_record
TN:
SF:docs/swagger.js
FNF:0
FNH:0
DA:1,3
DA:3,3
DA:120,3
LF:3
LH:3
BRF:0
BRH:0
end_of_record
TN:
SF:src/logger.js
FN:30,(anonymous_0)
FNF:1
FNH:1
FNDA:18,(anonymous_0)
DA:6,3
DA:9,3
DA:25,3
DA:31,18
DA:38,3
LF:5
LH:5
BRDA:9,0,0,0
BRDA:9,0,1,3
BRDA:27,1,0,3
BRDA:27,1,1,3
BRF:4
BRH:3
end_of_record
TN:
SF:src/schemas.js
FNF:0
FNH:0
DA:6,3
DA:9,3
DA:16,3
DA:31,3
DA:37,3
DA:42,3
LF:6
LH:6
BRF:0
BRH:0
end_of_record
