TN:
SF:index.js
FN:67,(anonymous_0)
FN:93,(anonymous_1)
FN:117,(anonymous_2)
FN:122,(anonymous_3)
FNF:4
FNH:4
FNDA:2,(anonymous_0)
FNDA:1,(anonymous_1)
FNDA:1,(anonymous_2)
FNDA:1,(anonymous_3)
DA:7,1
DA:8,1
DA:9,1
DA:10,1
DA:11,1
DA:12,1
DA:14,1
DA:15,1
DA:18,1
DA:19,1
DA:22,1
DA:30,1
DA:42,1
DA:43,1
DA:46,1
DA:67,1
DA:68,2
DA:71,2
DA:72,1
DA:79,1
DA:81,1
DA:83,1
DA:86,1
DA:89,1
DA:90,1
DA:93,1
DA:94,1
DA:95,2
DA:98,1
DA:101,1
DA:103,1
DA:109,0
DA:117,1
DA:118,1
DA:122,1
DA:123,1
DA:124,1
DA:125,1
DA:126,1
DA:129,1
LF:40
LH:39
BRDA:15,0,0,1
BRDA:15,0,1,1
BRDA:71,1,0,1
BRDA:71,1,1,1
BRDA:71,2,0,2
BRDA:71,2,1,1
BRDA:89,3,0,1
BRDA:89,3,1,0
BRDA:89,4,0,1
BRDA:89,4,1,1
BRF:10
BRH:9
end_of_record
TN:
SF:docs/swagger.js
FNF:0
FNH:0
DA:1,1
DA:3,1
DA:120,1
LF:3
LH:3
BRF:0
BRH:0
end_of_record
